<?xml version="1.0" encoding="UTF-8"?>
<testng-results skipped="0" failed="0" total="1" passed="1">
  <reporter-output>
  </reporter-output>
  <suite name="Default suite" duration-ms="4038" started-at="2022-12-11T07:20:06Z" finished-at="2022-12-11T07:20:11Z">
    <groups>
    </groups>
    <test name="Default test" duration-ms="4038" started-at="2022-12-11T07:20:06Z" finished-at="2022-12-11T07:20:11Z">
      <class name="seleniumpractice.Trial">
        <test-method status="PASS" signature="windows()[pri:0, instance:seleniumpractice.Trial@47542153]" name="windows" duration-ms="4014" started-at="2022-12-11T12:50:07Z" finished-at="2022-12-11T12:50:11Z">
          <reporter-output>
          </reporter-output>
        </test-method> <!-- windows -->
      </class> <!-- seleniumpractice.Trial -->
    </test> <!-- Default test -->
  </suite> <!-- Default suite -->
</testng-results>
